#
# A fatal error has been detected by the Java Runtime Environment:
#
#  EXCEPTION_ACCESS_VIOLATION (0xc0000005) at pc=0x000000005db23b0a, pid=700, tid=3628
#
# JRE version: Java(TM) SE Runtime Environment (8.0_25-b18) (build 1.8.0_25-b18)
# Java VM: Java HotSpot(TM) 64-Bit Server VM (25.25-b02 mixed mode windows-amd64 compressed oops)
# Problematic frame:
# V  [jvm.dll+0x83b0a]
#
# Failed to write core dump. Minidumps are not enabled by default on client versions of Windows
#
# If you would like to submit a bug report, please visit:
#   http://bugreport.sun.com/bugreport/crash.jsp
#

---------------  T H R E A D  ---------------

Current thread (0x0000000054bfa800):  VMThread [stack: 0x00000000555f0000,0x00000000556f0000] [id=3628]

siginfo: ExceptionCode=0xc0000005, reading address 0xffffffffffffffff

Registers:
RAX=0x0ad2000302020a01, RBX=0x0000000001be23f0, RCX=0x00000000027e5b90, RDX=0x00000000027e5b80
RSP=0x00000000556ef700, RBP=0x0000000054b458d8, RSI=0x0000000054b45500, RDI=0x00000000027e5b90
R8 =0x0000000001be23f0, R9 =0x0000000002640000, R10=0x0000000054bf5600, R11=0x00000000556ef6e0
R12=0x00000000000003d8, R13=0x00000000000003d8, R14=0x0000000054b45500, R15=0x0000000054b458d8
RIP=0x000000005db23b0a, EFLAGS=0x0000000000010206

Top of Stack: (sp=0x00000000556ef700)
0x00000000556ef700:   0000000001be23f0 0000000054b454f0
0x00000000556ef710:   0000000054b458d8 0000000054b45500
0x00000000556ef720:   0000000054b454f0 000000005dcd267e
0x00000000556ef730:   0000000054bf55d0 000000005dd1f4d8
0x00000000556ef740:   000000005633e800 000000000020b36d
0x00000000556ef750:   0000000054b458d8 000000005dcd25e7
0x00000000556ef760:   000000005730a6c0 0000000054b45500
0x00000000556ef770:   0000000054b454f0 0000000054bf55d0
0x00000000556ef780:   0000000054b454f0 0000000000000000
0x00000000556ef790:   0000000054bf55d0 000000005dcd1826
0x00000000556ef7a0:   0000000001bec200 0000000000000000
0x00000000556ef7b0:   000000005730a6c0 000000005633e800
0x00000000556ef7c0:   0000000000000000 0000000000000000
0x00000000556ef7d0:   0000000000000000 000000005dcb1e1b
0x00000000556ef7e0:   0000000000000000 00000000001eae1f
0x00000000556ef7f0:   0000000000000001 0000000054b94100 

Instructions: (pc=0x000000005db23b0a)
0x000000005db23aea:   8b d0 e8 2f e1 04 00 48 8b cb 48 8b d0 e8 a4 e7
0x000000005db23afa:   04 00 48 8b f8 48 85 c0 74 4a 48 8b 07 48 8b cf
0x000000005db23b0a:   ff 50 78 84 c0 74 0d 48 8b 07 48 8b cf ff 50 08
0x000000005db23b1a:   84 c0 75 30 48 8b 1d e3 ae 73 00 48 8b d7 48 8b 


Register to memory mapping:

RAX=0x0ad2000302020a01 is an unknown value
RBX=0x0000000001be23f0 is an unknown value
RCX=0x00000000027e5b90 is at entry_point+43216 in (nmethod*)0x00000000027da850
RDX=0x00000000027e5b80 is at entry_point+43200 in (nmethod*)0x00000000027da850
RSP=0x00000000556ef700 is an unknown value
RBP=0x0000000054b458d8 is an unknown value
RSI=0x0000000054b45500 is an unknown value
RDI=0x00000000027e5b90 is at entry_point+43216 in (nmethod*)0x00000000027da850
R8 =0x0000000001be23f0 is an unknown value
R9 =0x0000000002640000 is an unknown value
R10=0x0000000054bf5600 is an unknown value
R11=0x00000000556ef6e0 is an unknown value
R12=0x00000000000003d8 is an unknown value
R13=0x00000000000003d8 is an unknown value
R14=0x0000000054b45500 is an unknown value
R15=0x0000000054b458d8 is an unknown value


Stack: [0x00000000555f0000,0x00000000556f0000],  sp=0x00000000556ef700,  free space=1021k
Native frames: (J=compiled Java code, j=interpreted, Vv=VM code, C=native code)
V  [jvm.dll+0x83b0a]
V  [jvm.dll+0x23267e]
V  [jvm.dll+0x2325e7]
V  [jvm.dll+0x231826]
V  [jvm.dll+0x231cc1]
V  [jvm.dll+0x231ede]
V  [jvm.dll+0x2852fa]
C  [msvcr100.dll+0x21d9f]
C  [msvcr100.dll+0x21e3b]
C  [kernel32.dll+0x1f56d]
C  [ntdll.dll+0x33281]

VM_Operation (0x000000005730a6c0): Deoptimize, mode: safepoint, requested by thread 0x000000005635f000


---------------  P R O C E S S  ---------------

Java Threads: ( => current thread )
  0x000000005643f800 JavaThread "Image Fetcher 0" daemon [_thread_blocked, id=2740, stack(0x0000000057c10000,0x0000000057d10000)]
  0x0000000001bef000 JavaThread "DestroyJavaVM" [_thread_blocked, id=912, stack(0x0000000002270000,0x0000000002370000)]
  0x000000005635f000 JavaThread "AWT-EventQueue-0" [_thread_blocked, id=5168, stack(0x0000000057210000,0x0000000057310000)]
  0x000000005633e800 JavaThread "AWT-Windows" daemon [_thread_blocked, id=5048, stack(0x0000000056950000,0x0000000056a50000)]
  0x000000005633c800 JavaThread "AWT-Shutdown" [_thread_blocked, id=3000, stack(0x0000000055700000,0x0000000055800000)]
  0x000000005633b000 JavaThread "Java2D Disposer" daemon [_thread_blocked, id=4376, stack(0x00000000567d0000,0x00000000568d0000)]
  0x0000000056058800 JavaThread "Service Thread" daemon [_thread_blocked, id=4312, stack(0x0000000056460000,0x0000000056560000)]
  0x0000000054c69800 JavaThread "C1 CompilerThread1" daemon [_thread_blocked, id=3796, stack(0x0000000055de0000,0x0000000055ee0000)]
  0x0000000054c64000 JavaThread "C2 CompilerThread0" daemon [_thread_blocked, id=3084, stack(0x0000000055f40000,0x0000000056040000)]
  0x0000000054c63800 JavaThread "Attach Listener" daemon [_thread_blocked, id=4752, stack(0x0000000055920000,0x0000000055a20000)]
  0x0000000054c72800 JavaThread "Signal Dispatcher" daemon [_thread_blocked, id=4372, stack(0x0000000055c80000,0x0000000055d80000)]
  0x0000000054c09800 JavaThread "Finalizer" daemon [_thread_blocked, id=6056, stack(0x0000000055ab0000,0x0000000055bb0000)]
  0x0000000054c00800 JavaThread "Reference Handler" daemon [_thread_blocked, id=2484, stack(0x0000000055800000,0x0000000055900000)]

Other Threads:
=>0x0000000054bfa800 VMThread [stack: 0x00000000555f0000,0x00000000556f0000] [id=3628]
  0x0000000056059800 WatcherThread [stack: 0x0000000056630000,0x0000000056730000] [id=4164]

VM state:at safepoint (normal execution)

VM Mutex/Monitor currently owned by a thread:  ([mutex/lock_event])
[0x0000000001bec190] Threads_lock - owner thread: 0x0000000054bfa800
[0x0000000001becb90] Compile_lock - owner thread: 0x000000005635f000

Heap:
 PSYoungGen      total 18944K, used 8996K [0x00000000eb300000, 0x00000000ec800000, 0x0000000100000000)
  eden space 16384K, 54% used [0x00000000eb300000,0x00000000ebbc93f0,0x00000000ec300000)
  from space 2560K, 0% used [0x00000000ec580000,0x00000000ec580000,0x00000000ec800000)
  to   space 2560K, 0% used [0x00000000ec300000,0x00000000ec300000,0x00000000ec580000)
 ParOldGen       total 44032K, used 0K [0x00000000c1800000, 0x00000000c4300000, 0x00000000eb300000)
  object space 44032K, 0% used [0x00000000c1800000,0x00000000c1800000,0x00000000c4300000)
 Metaspace       used 10377K, capacity 10576K, committed 10880K, reserved 1058816K
  class space    used 1313K, capacity 1382K, committed 1408K, reserved 1048576K

Card table byte_map: [0x0000000011a00000,0x0000000011c00000] byte_map_base: 0x00000000113f4000

Marking Bits: (ParMarkBitMap*) 0x000000005e27d490
 Begin Bits: [0x0000000012190000, 0x0000000013130000)
 End Bits:   [0x0000000013130000, 0x00000000140d0000)

Polling page: 0x0000000000330000

CodeCache: size=245760Kb used=2190Kb max_used=2200Kb free=243569Kb
 bounds [0x0000000002640000, 0x00000000028b0000, 0x0000000011640000]
 total_blobs=877 nmethods=425 adapters=367
 compilation: enabled

Compilation events (10 events):
Event: 0.924 Thread 0x0000000054c69800  422       3       java.util.LinkedList$ListItr::next (56 bytes)
Event: 0.925 Thread 0x0000000054c69800 nmethod 422 0x0000000002862750 code [0x0000000002862900, 0x0000000002862db8]
Event: 0.925 Thread 0x0000000054c69800  423       3       java.util.LinkedList$ListItr::checkForComodification (23 bytes)
Event: 0.925 Thread 0x0000000054c69800 nmethod 423 0x0000000002862f90 code [0x0000000002863100, 0x0000000002863328]
Event: 0.929 Thread 0x0000000054c69800  424       3       java.util.Vector::elementData (7 bytes)
Event: 0.929 Thread 0x0000000054c64000  425       4       sun.java2d.loops.GraphicsPrimitiveMgr$2::compare (39 bytes)
Event: 0.929 Thread 0x0000000054c69800 nmethod 424 0x0000000002863650 code [0x00000000028637a0, 0x0000000002863910]
Event: 0.930 Thread 0x0000000054c64000 nmethod 425 0x00000000028666d0 code [0x0000000002866820, 0x00000000028668f8]
Event: 0.933 Thread 0x0000000054c69800  426       1       javax.swing.plaf.synth.SynthContext::getComponent (5 bytes)
Event: 0.934 Thread 0x0000000054c69800 nmethod 426 0x0000000002866410 code [0x0000000002866560, 0x0000000002866670]

GC Heap History (0 events):
No events

Deoptimization events (0 events):
No events

Internal exceptions (10 events):
Event: 0.375 Thread 0x0000000001bef000 Exception <a 'java/lang/ClassNotFoundException': TreeCell> (0x00000000eb628998) thrown at [D:\re\workspace\8-2-build-windows-amd64-cygwin\jdk8u25\1677\hotspot\src\share\vm\classfile\systemDictionary.cpp, line 202]
Event: 0.376 Thread 0x0000000001bef000 Exception <a 'java/lang/ClassNotFoundException': RootPane> (0x00000000eb629398) thrown at [D:\re\workspace\8-2-build-windows-amd64-cygwin\jdk8u25\1677\hotspot\src\share\vm\classfile\systemDictionary.cpp, line 202]
Event: 0.396 Thread 0x0000000001bef000 Exception <a 'java/security/PrivilegedActionException'> (0x00000000eb685f28) thrown at [D:\re\workspace\8-2-build-windows-amd64-cygwin\jdk8u25\1677\hotspot\src\share\vm\prims\jvm.cpp, line 1312]
Event: 0.399 Thread 0x0000000001bef000 Exception <a 'java/security/PrivilegedActionException'> (0x00000000eb688290) thrown at [D:\re\workspace\8-2-build-windows-amd64-cygwin\jdk8u25\1677\hotspot\src\share\vm\prims\jvm.cpp, line 1312]
Event: 0.400 Thread 0x0000000001bef000 Exception <a 'java/security/PrivilegedActionException'> (0x00000000eb689b90) thrown at [D:\re\workspace\8-2-build-windows-amd64-cygwin\jdk8u25\1677\hotspot\src\share\vm\prims\jvm.cpp, line 1312]
Event: 0.478 Thread 0x000000005635f000 Exception <a 'java/security/PrivilegedActionException'> (0x00000000eb7ca230) thrown at [D:\re\workspace\8-2-build-windows-amd64-cygwin\jdk8u25\1677\hotspot\src\share\vm\prims\jvm.cpp, line 1312]
Event: 0.528 Thread 0x000000005643f800 Exception <a 'java/security/PrivilegedActionException'> (0x00000000eb846868) thrown at [D:\re\workspace\8-2-build-windows-amd64-cygwin\jdk8u25\1677\hotspot\src\share\vm\prims\jvm.cpp, line 1312]
Event: 0.528 Thread 0x000000005643f800 Exception <a 'java/security/PrivilegedActionException'> (0x00000000eb847ce0) thrown at [D:\re\workspace\8-2-build-windows-amd64-cygwin\jdk8u25\1677\hotspot\src\share\vm\prims\jvm.cpp, line 1312]
Event: 0.564 Thread 0x000000005643f800 Exception <a 'java/security/PrivilegedActionException'> (0x00000000eb861138) thrown at [D:\re\workspace\8-2-build-windows-amd64-cygwin\jdk8u25\1677\hotspot\src\share\vm\prims\jvm.cpp, line 1312]
Event: 0.564 Thread 0x000000005643f800 Exception <a 'java/security/PrivilegedActionException'> (0x00000000eb862580) thrown at [D:\re\workspace\8-2-build-windows-amd64-cygwin\jdk8u25\1677\hotspot\src\share\vm\prims\jvm.cpp, line 1312]

Events (10 events):
Event: 0.937 loading class sun/font/StrikeCache$SoftDisposerRef done
Event: 0.937 loading class sun/font/TrueTypeFont$TTDisposerRecord
Event: 0.937 loading class sun/font/TrueTypeFont$TTDisposerRecord done
Event: 0.938 loading class sun/font/TrueTypeFont$1
Event: 0.938 loading class sun/font/TrueTypeFont$1 done
Event: 0.938 loading class java/io/RandomAccessFile
Event: 0.938 loading class java/io/DataOutput
Event: 0.938 loading class java/io/DataOutput done
Event: 0.938 loading class java/io/RandomAccessFile done
Event: 0.938 Executing VM operation: Deoptimize


Dynamic libraries:
0x000000013f2f0000 - 0x000000013f324000 	C:\Program Files\Java\jdk1.8.0_25\bin\java.exe
0x0000000077980000 - 0x0000000077b2b000 	C:\Windows\SYSTEM32\ntdll.dll
0x0000000077760000 - 0x000000007787f000 	C:\Windows\system32\kernel32.dll
0x000007fefdb00000 - 0x000007fefdb6b000 	C:\Windows\system32\KERNELBASE.dll
0x000007fefe790000 - 0x000007fefe86b000 	C:\Windows\system32\ADVAPI32.dll
0x000007fefe320000 - 0x000007fefe3bf000 	C:\Windows\system32\msvcrt.dll
0x000007feff820000 - 0x000007feff83f000 	C:\Windows\SYSTEM32\sechost.dll
0x000007fefe010000 - 0x000007fefe13e000 	C:\Windows\system32\RPCRT4.dll
0x0000000077880000 - 0x000000007797a000 	C:\Windows\system32\USER32.dll
0x000007fefdfa0000 - 0x000007fefe007000 	C:\Windows\system32\GDI32.dll
0x000007feff810000 - 0x000007feff81e000 	C:\Windows\system32\LPK.dll
0x000007fefe9a0000 - 0x000007fefea6a000 	C:\Windows\system32\USP10.dll
0x000007fefc030000 - 0x000007fefc224000 	C:\Windows\WinSxS\amd64_microsoft.windows.common-controls_6595b64144ccf1df_6.0.7600.16385_none_fa645303170382f6\COMCTL32.dll
0x000007fefdd00000 - 0x000007fefdd71000 	C:\Windows\system32\SHLWAPI.dll
0x000007fefe760000 - 0x000007fefe78e000 	C:\Windows\system32\IMM32.DLL
0x000007feffb80000 - 0x000007feffc89000 	C:\Windows\system32\MSCTF.dll
0x00000000699e0000 - 0x0000000069ab2000 	C:\Program Files\Java\jdk1.8.0_25\jre\bin\msvcr100.dll
0x000000005daa0000 - 0x000000005e2fa000 	C:\Program Files\Java\jdk1.8.0_25\jre\bin\server\jvm.dll
0x000007fefab00000 - 0x000007fefab09000 	C:\Windows\system32\WSOCK32.dll
0x000007fefdcb0000 - 0x000007fefdcfd000 	C:\Windows\system32\WS2_32.dll
0x000007fefea70000 - 0x000007fefea78000 	C:\Windows\system32\NSI.dll
0x000007fefc470000 - 0x000007fefc4ab000 	C:\Windows\system32\WINMM.dll
0x0000000077b50000 - 0x0000000077b57000 	C:\Windows\system32\PSAPI.DLL
0x0000000069b50000 - 0x0000000069b5f000 	C:\Program Files\Java\jdk1.8.0_25\jre\bin\verify.dll
0x0000000069b20000 - 0x0000000069b48000 	C:\Program Files\Java\jdk1.8.0_25\jre\bin\java.dll
0x0000000069b00000 - 0x0000000069b16000 	C:\Program Files\Java\jdk1.8.0_25\jre\bin\zip.dll
0x000007fefea80000 - 0x000007feff806000 	C:\Windows\system32\SHELL32.dll
0x000007feff970000 - 0x000007feffb71000 	C:\Windows\system32\ole32.dll
0x000007fefd8e0000 - 0x000007fefd8ef000 	C:\Windows\system32\profapi.dll
0x0000000066c40000 - 0x0000000066dd8000 	C:\Program Files\Java\jdk1.8.0_25\jre\bin\awt.dll
0x000007feff890000 - 0x000007feff967000 	C:\Windows\system32\OLEAUT32.dll
0x000007fefbf80000 - 0x000007fefbfd6000 	C:\Windows\system32\uxtheme.dll
0x000007fefbad0000 - 0x000007fefbae8000 	C:\Windows\system32\dwmapi.dll
0x000007fefd810000 - 0x000007fefd81f000 	C:\Windows\system32\CRYPTBASE.dll
0x0000000069990000 - 0x00000000699d7000 	C:\Program Files\Java\jdk1.8.0_25\jre\bin\fontmanager.dll
0x000007feef970000 - 0x000007feefa95000 	C:\Windows\system32\dbghelp.dll

VM Arguments:
jvm_args: -Dfile.encoding=UTF-8 
java_command: practica1s12015_201314408.Practica1s12015_201314408
java_class_path (initial): C:\Users\Erick\Documents\NetBeansProjects\Practica1s12015_201314408\build\classes
Launcher Type: SUN_STANDARD

Environment Variables:
JAVA_HOME=C:\Program Files\Java\jdk1.8.0_25
PATH=C:\Program Files (x86)\PC Connectivity Solution\;C:\ProgramData\Oracle\Java\javapath;C:\Windows\system32;C:\Windows;C:\Windows\System32\Wbem;C:\Windows\System32\WindowsPowerShell\v1.0\;C:\Program Files (x86)\Microsoft SQL Server\100\Tools\Binn\;C:\Program Files\Microsoft SQL Server\100\Tools\Binn\;C:\Program Files\Microsoft SQL Server\100\DTS\Binn\;C:\Program Files (x86)\Microsoft SQL Server\100\Tools\Binn\VSShell\Common7\IDE\;C:\Program Files (x86)\Microsoft SQL Server\100\DTS\Binn\;C:\Program Files (x86)\Microsoft Visual Studio 9.0\Common7\IDE\PrivateAssemblies\;C:\Program Files\Microsoft\Web Platform Installer\;C:\Program Files (x86)\Microsoft ASP.NET\ASP.NET Web Pages\v1.0\;C:\Program Files\Microsoft SQL Server\110\Tools\Binn\;C:\Program Files (x86)\Windows Kits\8.0\Windows Performance Toolkit\;C:\Program Files\Java\jdk1.8.0_25\bin
USERNAME=Erick
OS=Windows_NT
PROCESSOR_IDENTIFIER=Intel64 Family 6 Model 23 Stepping 10, GenuineIntel



---------------  S Y S T E M  ---------------

OS: Windows 7 , 64 bit Build 7600 

CPU:total 2 (2 cores per cpu, 1 threads per core) family 6 model 23 stepping 10, cmov, cx8, fxsr, mmx, sse, sse2, sse3, ssse3, sse4.1, tsc

Memory: 4k page, physical 4094900k(1410832k free), swap 8187904k(4254712k free)

vm_info: Java HotSpot(TM) 64-Bit Server VM (25.25-b02) for windows-amd64 JRE (1.8.0_25-b18), built on Oct  7 2014 14:25:37 by "java_re" with MS VC++ 10.0 (VS2010)

time: Mon Feb 23 18:46:44 2015
elapsed time: 1 seconds (0d 0h 0m 1s)

